Determining if the include file ndir.h exists failed with the following output:
Change Dir: /home/summer/research/NuSMV-2.6.0/NuSMV/build/CMakeFiles/CMakeTmp

Run Build Command(s):/usr/bin/gmake cmTC_68ddc/fast && /usr/bin/gmake  -f CMakeFiles/cmTC_68ddc.dir/build.make CMakeFiles/cmTC_68ddc.dir/build
gmake[1]: Entering directory '/home/summer/research/NuSMV-2.6.0/NuSMV/build/CMakeFiles/CMakeTmp'
Building C object CMakeFiles/cmTC_68ddc.dir/CheckIncludeFile.c.o
/usr/bin/cc    -o CMakeFiles/cmTC_68ddc.dir/CheckIncludeFile.c.o -c /home/summer/research/NuSMV-2.6.0/NuSMV/build/CMakeFiles/CMakeTmp/CheckIncludeFile.c
/home/summer/research/NuSMV-2.6.0/NuSMV/build/CMakeFiles/CMakeTmp/CheckIncludeFile.c:1:10: fatal error: ndir.h: No such file or directory
    1 | #include <ndir.h>
      |          ^~~~~~~~
compilation terminated.
gmake[1]: *** [CMakeFiles/cmTC_68ddc.dir/build.make:85: CMakeFiles/cmTC_68ddc.dir/CheckIncludeFile.c.o] Error 1
gmake[1]: Leaving directory '/home/summer/research/NuSMV-2.6.0/NuSMV/build/CMakeFiles/CMakeTmp'
gmake: *** [Makefile:140: cmTC_68ddc/fast] Error 2



Determining if the include file sys/ndir.h exists failed with the following output:
Change Dir: /home/summer/research/NuSMV-2.6.0/NuSMV/build/CMakeFiles/CMakeTmp

Run Build Command(s):/usr/bin/gmake cmTC_50205/fast && /usr/bin/gmake  -f CMakeFiles/cmTC_50205.dir/build.make CMakeFiles/cmTC_50205.dir/build
gmake[1]: Entering directory '/home/summer/research/NuSMV-2.6.0/NuSMV/build/CMakeFiles/CMakeTmp'
Building C object CMakeFiles/cmTC_50205.dir/CheckIncludeFile.c.o
/usr/bin/cc    -o CMakeFiles/cmTC_50205.dir/CheckIncludeFile.c.o -c /home/summer/research/NuSMV-2.6.0/NuSMV/build/CMakeFiles/CMakeTmp/CheckIncludeFile.c
/home/summer/research/NuSMV-2.6.0/NuSMV/build/CMakeFiles/CMakeTmp/CheckIncludeFile.c:1:10: fatal error: sys/ndir.h: No such file or directory
    1 | #include <sys/ndir.h>
      |          ^~~~~~~~~~~~
compilation terminated.
gmake[1]: *** [CMakeFiles/cmTC_50205.dir/build.make:85: CMakeFiles/cmTC_50205.dir/CheckIncludeFile.c.o] Error 1
gmake[1]: Leaving directory '/home/summer/research/NuSMV-2.6.0/NuSMV/build/CMakeFiles/CMakeTmp'
gmake: *** [Makefile:140: cmTC_50205/fast] Error 2



Determining if the function floor exists failed with the following output:
Change Dir: /home/summer/research/NuSMV-2.6.0/NuSMV/build/CMakeFiles/CMakeTmp

Run Build Command(s):/usr/bin/gmake cmTC_c14ce/fast && /usr/bin/gmake  -f CMakeFiles/cmTC_c14ce.dir/build.make CMakeFiles/cmTC_c14ce.dir/build
gmake[1]: Entering directory '/home/summer/research/NuSMV-2.6.0/NuSMV/build/CMakeFiles/CMakeTmp'
Building C object CMakeFiles/cmTC_c14ce.dir/CheckFunctionExists.c.o
/usr/bin/cc   -DCHECK_FUNCTION_EXISTS=floor -o CMakeFiles/cmTC_c14ce.dir/CheckFunctionExists.c.o -c /usr/share/cmake-3.18/Modules/CheckFunctionExists.c
<command-line>: warning: conflicting types for built-in function ‘floor’; expected ‘double(double)’ [-Wbuiltin-declaration-mismatch]
/usr/share/cmake-3.18/Modules/CheckFunctionExists.c:7:3: note: in expansion of macro ‘CHECK_FUNCTION_EXISTS’
    7 |   CHECK_FUNCTION_EXISTS(void);
      |   ^~~~~~~~~~~~~~~~~~~~~
/usr/share/cmake-3.18/Modules/CheckFunctionExists.c:1:1: note: ‘floor’ is declared in header ‘<math.h>’
  +++ |+#include <math.h>
    1 | #ifdef CHECK_FUNCTION_EXISTS
Linking C executable cmTC_c14ce
/usr/bin/cmake -E cmake_link_script CMakeFiles/cmTC_c14ce.dir/link.txt --verbose=1
/usr/bin/cc  -DCHECK_FUNCTION_EXISTS=floor -rdynamic CMakeFiles/cmTC_c14ce.dir/CheckFunctionExists.c.o -o cmTC_c14ce 
/usr/bin/ld: CMakeFiles/cmTC_c14ce.dir/CheckFunctionExists.c.o: in function `main':
CheckFunctionExists.c:(.text+0x10): undefined reference to `floor'
collect2: error: ld returned 1 exit status
gmake[1]: *** [CMakeFiles/cmTC_c14ce.dir/build.make:106: cmTC_c14ce] Error 1
gmake[1]: Leaving directory '/home/summer/research/NuSMV-2.6.0/NuSMV/build/CMakeFiles/CMakeTmp'
gmake: *** [Makefile:140: cmTC_c14ce/fast] Error 2



Determining if the function pow exists failed with the following output:
Change Dir: /home/summer/research/NuSMV-2.6.0/NuSMV/build/CMakeFiles/CMakeTmp

Run Build Command(s):/usr/bin/gmake cmTC_19c9a/fast && /usr/bin/gmake  -f CMakeFiles/cmTC_19c9a.dir/build.make CMakeFiles/cmTC_19c9a.dir/build
gmake[1]: Entering directory '/home/summer/research/NuSMV-2.6.0/NuSMV/build/CMakeFiles/CMakeTmp'
Building C object CMakeFiles/cmTC_19c9a.dir/CheckFunctionExists.c.o
/usr/bin/cc   -DCHECK_FUNCTION_EXISTS=pow -o CMakeFiles/cmTC_19c9a.dir/CheckFunctionExists.c.o -c /usr/share/cmake-3.18/Modules/CheckFunctionExists.c
<command-line>: warning: conflicting types for built-in function ‘pow’; expected ‘double(double,  double)’ [-Wbuiltin-declaration-mismatch]
/usr/share/cmake-3.18/Modules/CheckFunctionExists.c:7:3: note: in expansion of macro ‘CHECK_FUNCTION_EXISTS’
    7 |   CHECK_FUNCTION_EXISTS(void);
      |   ^~~~~~~~~~~~~~~~~~~~~
/usr/share/cmake-3.18/Modules/CheckFunctionExists.c:1:1: note: ‘pow’ is declared in header ‘<math.h>’
  +++ |+#include <math.h>
    1 | #ifdef CHECK_FUNCTION_EXISTS
Linking C executable cmTC_19c9a
/usr/bin/cmake -E cmake_link_script CMakeFiles/cmTC_19c9a.dir/link.txt --verbose=1
/usr/bin/cc  -DCHECK_FUNCTION_EXISTS=pow -rdynamic CMakeFiles/cmTC_19c9a.dir/CheckFunctionExists.c.o -o cmTC_19c9a 
/usr/bin/ld: CMakeFiles/cmTC_19c9a.dir/CheckFunctionExists.c.o: in function `main':
CheckFunctionExists.c:(.text+0x10): undefined reference to `pow'
collect2: error: ld returned 1 exit status
gmake[1]: *** [CMakeFiles/cmTC_19c9a.dir/build.make:106: cmTC_19c9a] Error 1
gmake[1]: Leaving directory '/home/summer/research/NuSMV-2.6.0/NuSMV/build/CMakeFiles/CMakeTmp'
gmake: *** [Makefile:140: cmTC_19c9a/fast] Error 2



